<?xml version="1.0" encoding="UTF-8"?>
<!-- Generated by org.testng.reporters.JUnitXMLReporter -->
<testsuite ignored="0" hostname="2015s-MacBook-Pro.local" failures="0" tests="1" name="Surefire test" time="0.631" errors="0" timestamp="2020-04-01T10:56:51 WAT">
  <testcase classname="appiumTest.base.TestBase" name="@BeforeClass Capabilities" time="0.596">
    <failure type="org.openqa.selenium.WebDriverException" message="It is impossible to create a new session because &amp;apos;createSession&amp;apos; which takes HttpClient, InputStream and long was not found or it is not accessible
Build info: version: &amp;apos;3.141.59&amp;apos;, revision: &amp;apos;e82be7d358&amp;apos;, time: &amp;apos;2018-11-14T08:17:03&amp;apos;
System info: host: &amp;apos;2015s-MacBook-Pro.local&amp;apos;, ip: &amp;apos;fe80:0:0:0:c87:b75:8bca:a7b3%en0&amp;apos;, os.name: &amp;apos;Mac OS X&amp;apos;, os.arch: &amp;apos;x86_64&amp;apos;, os.version: &amp;apos;10.15.2&amp;apos;, java.version: &amp;apos;13.0.1&amp;apos;
Driver info: driver.version: EnhancedAndroidDriver">
      <![CDATA[org.openqa.selenium.WebDriverException: It is impossible to create a new session because 'createSession' which takes HttpClient, InputStream and long was not found or it is not accessible
Build info: version: '3.141.59', revision: 'e82be7d358', time: '2018-11-14T08:17:03'
System info: host: '2015s-MacBook-Pro.local', ip: 'fe80:0:0:0:c87:b75:8bca:a7b3%en0', os.name: 'Mac OS X', os.arch: 'x86_64', os.version: '10.15.2', java.version: '13.0.1'
Driver info: driver.version: EnhancedAndroidDriver
at io.appium.java_client.remote.AppiumCommandExecutor$1.createSession(AppiumCommandExecutor.java:182)
at io.appium.java_client.remote.AppiumCommandExecutor.createSession(AppiumCommandExecutor.java:196)
at io.appium.java_client.remote.AppiumCommandExecutor.execute(AppiumCommandExecutor.java:218)
at org.openqa.selenium.remote.RemoteWebDriver.execute(RemoteWebDriver.java:552)
at io.appium.java_client.DefaultGenericMobileDriver.execute(DefaultGenericMobileDriver.java:42)
at io.appium.java_client.AppiumDriver.execute(AppiumDriver.java:1)
at io.appium.java_client.android.AndroidDriver.execute(AndroidDriver.java:1)
at org.openqa.selenium.remote.RemoteWebDriver.startSession(RemoteWebDriver.java:213)
at org.openqa.selenium.remote.RemoteWebDriver.<init>(RemoteWebDriver.java:131)
at io.appium.java_client.DefaultGenericMobileDriver.<init>(DefaultGenericMobileDriver.java:38)
at io.appium.java_client.AppiumDriver.<init>(AppiumDriver.java:84)
at io.appium.java_client.AppiumDriver.<init>(AppiumDriver.java:94)
at io.appium.java_client.android.AndroidDriver.<init>(AndroidDriver.java:88)
at com.microsoft.appcenter.appium.EnhancedAndroidDriver.<init>(EnhancedAndroidDriver.java:17)
at com.microsoft.appcenter.appium.LocalProvider.createAndroidDriver(LocalProvider.java:20)
at com.microsoft.appcenter.appium.Factory.createAndroidDriver(Factory.java:51)
at appiumTest.base.TestBase.Capabilities(TestBase.java:65)
at java.base/java.util.ArrayList.forEach(ArrayList.java:1507)
at io.appium.java_client.remote.AppiumCommandExecutor$1.createSession(AppiumCommandExecutor.java:172)
... 47 more
Caused by: org.openqa.selenium.WebDriverException: An unknown server-side error occurred while processing the command. Original error: The application at '/Users/netowsolutions/Documents/Parallelscore/Mobile-Automation/mc-appium/src/test/resources/executables/app-release.apk' does not exist or is not accessible
Build info: version: '3.141.59', revision: 'e82be7d358', time: '2018-11-14T08:17:03'
System info: host: '2015s-MacBook-Pro.local', ip: 'fe80:0:0:0:c87:b75:8bca:a7b3%en0', os.name: 'Mac OS X', os.arch: 'x86_64', os.version: '10.15.2', java.version: '13.0.1'
Driver info: driver.version: EnhancedAndroidDriver
remote stacktrace: UnknownError: An unknown server-side error occurred while processing the command. Original error: The application at '/Users/netowsolutions/Documents/Parallelscore/Mobile-Automation/mc-appium/src/test/resources/executables/app-release.apk' does not exist or is not accessible
    at getResponseForW3CError (/Users/netowsolutions/.nvm/versions/node/v10.15.2/lib/node_modules/appium/node_modules/appium-base-driver/lib/protocol/errors.js:804:9)
    at asyncHandler (/Users/netowsolutions/.nvm/versions/node/v10.15.2/lib/node_modules/appium/node_modules/appium-base-driver/lib/protocol/protocol.js:388:37)
at org.openqa.selenium.remote.W3CHandshakeResponse.lambda$errorHandler$0(W3CHandshakeResponse.java:62)
at org.openqa.selenium.remote.HandshakeResponse.lambda$getResponseFunction$0(HandshakeResponse.java:30)
at org.openqa.selenium.remote.ProtocolHandshake.lambda$createSession$0(ProtocolHandshake.java:126)
at java.base/java.util.stream.ReferencePipeline$3$1.accept(ReferencePipeline.java:195)
at java.base/java.util.Spliterators$ArraySpliterator.tryAdvance(Spliterators.java:958)
at java.base/java.util.stream.ReferencePipeline.forEachWithCancel(ReferencePipeline.java:127)
at java.base/java.util.stream.AbstractPipeline.copyIntoWithCancel(AbstractPipeline.java:502)
at java.base/java.util.stream.AbstractPipeline.copyInto(AbstractPipeline.java:488)
at java.base/java.util.stream.AbstractPipeline.wrapAndCopyInto(AbstractPipeline.java:474)
at java.base/java.util.stream.FindOps$FindOp.evaluateSequential(FindOps.java:150)
at java.base/java.util.stream.AbstractPipeline.evaluate(AbstractPipeline.java:234)
at java.base/java.util.stream.ReferencePipeline.findFirst(ReferencePipeline.java:543)
at org.openqa.selenium.remote.ProtocolHandshake.createSession(ProtocolHandshake.java:128)
... 52 more
... Removed 40 stack frames]]>
    </failure>
  </testcase> <!-- @BeforeClass Capabilities -->
  <testcase classname="appiumTest.base.TestBase" name="@BeforeClass setUp" time="-1.585735011968E9">
    <skipped/>
  </testcase> <!-- @BeforeClass setUp -->
  <testcase classname="appiumTest.base.TestBase" name="@AfterClass TearDown" time="-1.585735011979E9">
    <skipped/>
  </testcase> <!-- @AfterClass TearDown -->
  <testcase classname="appiumTest.TestCase.Rough" name="loginR" time="0.0">
    <skipped/>
  </testcase> <!-- loginR -->
</testsuite> <!-- Surefire test -->
